<?xml version="1.0" encoding="UTF-8"?>
<!-- Generated by org.testng.reporters.JUnitXMLReporter -->
<testsuite hostname="HaDos-MacBook-Pro.local" name="Independent test" tests="100" failures="0" timestamp="18 Jun 2016 07:42:13 GMT" time="0.145" errors="0">
  <testcase name="testMethod" time="0.017" classname="modules.MultiThreads"/>
  <testcase name="testMethod" time="0.016" classname="modules.MultiThreads"/>
  <testcase name="testMethod" time="0.0" classname="modules.MultiThreads"/>
  <testcase name="testMethod" time="0.012" classname="modules.MultiThreads"/>
  <testcase name="testMethod" time="0.016" classname="modules.MultiThreads"/>
  <testcase name="testMethod" time="0.0" classname="modules.MultiThreads"/>
  <testcase name="testMethod" time="0.0" classname="modules.MultiThreads"/>
  <testcase name="testMethod" time="0.001" classname="modules.MultiThreads"/>
  <testcase name="testMethod" time="0.0" classname="modules.MultiThreads"/>
  <testcase name="testMethod" time="0.0" classname="modules.MultiThreads"/>
  <testcase name="testMethod" time="0.001" classname="modules.MultiThreads"/>
  <testcase name="testMethod" time="0.0" classname="modules.MultiThreads"/>
  <testcase name="testMethod" time="0.001" classname="modules.MultiThreads"/>
  <testcase name="testMethod" time="0.0" classname="modules.MultiThreads"/>
  <testcase name="testMethod" time="0.001" classname="modules.MultiThreads"/>
  <testcase name="testMethod" time="0.0" classname="modules.MultiThreads"/>
  <testcase name="testMethod" time="0.001" classname="modules.MultiThreads"/>
  <testcase name="testMethod" time="0.001" classname="modules.MultiThreads"/>
  <testcase name="testMethod" time="0.0" classname="modules.MultiThreads"/>
  <testcase name="testMethod" time="0.0" classname="modules.MultiThreads"/>
  <testcase name="testMethod" time="0.001" classname="modules.MultiThreads"/>
  <testcase name="testMethod" time="0.001" classname="modules.MultiThreads"/>
  <testcase name="testMethod" time="0.001" classname="modules.MultiThreads"/>
  <testcase name="testMethod" time="0.0" classname="modules.MultiThreads"/>
  <testcase name="testMethod" time="0.001" classname="modules.MultiThreads"/>
  <testcase name="testMethod" time="0.001" classname="modules.MultiThreads"/>
  <testcase name="testMethod" time="0.0" classname="modules.MultiThreads"/>
  <testcase name="testMethod" time="0.0" classname="modules.MultiThreads"/>
  <testcase name="testMethod" time="0.0" classname="modules.MultiThreads"/>
  <testcase name="testMethod" time="0.0" classname="modules.MultiThreads"/>
  <testcase name="testMethod" time="0.001" classname="modules.MultiThreads"/>
  <testcase name="testMethod" time="0.0" classname="modules.MultiThreads"/>
  <testcase name="testMethod" time="0.0" classname="modules.MultiThreads"/>
  <testcase name="testMethod" time="0.001" classname="modules.MultiThreads"/>
  <testcase name="testMethod" time="0.001" classname="modules.MultiThreads"/>
  <testcase name="testMethod" time="0.0" classname="modules.MultiThreads"/>
  <testcase name="testMethod" time="0.001" classname="modules.MultiThreads"/>
  <testcase name="testMethod" time="0.0" classname="modules.MultiThreads"/>
  <testcase name="testMethod" time="0.0" classname="modules.MultiThreads"/>
  <testcase name="testMethod" time="0.0" classname="modules.MultiThreads"/>
  <testcase name="testMethod" time="0.0" classname="modules.MultiThreads"/>
  <testcase name="testMethod" time="0.0" classname="modules.MultiThreads"/>
  <testcase name="testMethod" time="0.001" classname="modules.MultiThreads"/>
  <testcase name="testMethod" time="0.001" classname="modules.MultiThreads"/>
  <testcase name="testMethod" time="0.0" classname="modules.MultiThreads"/>
  <testcase name="testMethod" time="0.0" classname="modules.MultiThreads"/>
  <testcase name="testMethod" time="0.001" classname="modules.MultiThreads"/>
  <testcase name="testMethod" time="0.001" classname="modules.MultiThreads"/>
  <testcase name="testMethod" time="0.0" classname="modules.MultiThreads"/>
  <testcase name="testMethod" time="0.001" classname="modules.MultiThreads"/>
  <testcase name="testMethod" time="0.0" classname="modules.MultiThreads"/>
  <testcase name="testMethod" time="0.0" classname="modules.MultiThreads"/>
  <testcase name="testMethod" time="0.0" classname="modules.MultiThreads"/>
  <testcase name="testMethod" time="0.0" classname="modules.MultiThreads"/>
  <testcase name="testMethod" time="0.001" classname="modules.MultiThreads"/>
  <testcase name="testMethod" time="0.0" classname="modules.MultiThreads"/>
  <testcase name="testMethod" time="0.0" classname="modules.MultiThreads"/>
  <testcase name="testMethod" time="0.001" classname="modules.MultiThreads"/>
  <testcase name="testMethod" time="0.0" classname="modules.MultiThreads"/>
  <testcase name="testMethod" time="0.001" classname="modules.MultiThreads"/>
  <testcase name="testMethod" time="0.0" classname="modules.MultiThreads"/>
  <testcase name="testMethod" time="0.001" classname="modules.MultiThreads"/>
  <testcase name="testMethod" time="0.0" classname="modules.MultiThreads"/>
  <testcase name="testMethod" time="0.003" classname="modules.MultiThreads"/>
  <testcase name="testMethod" time="0.003" classname="modules.MultiThreads"/>
  <testcase name="testMethod" time="0.003" classname="modules.MultiThreads"/>
  <testcase name="testMethod" time="0.001" classname="modules.MultiThreads"/>
  <testcase name="testMethod" time="0.001" classname="modules.MultiThreads"/>
  <testcase name="testMethod" time="0.0" classname="modules.MultiThreads"/>
  <testcase name="testMethod" time="0.001" classname="modules.MultiThreads"/>
  <testcase name="testMethod" time="0.001" classname="modules.MultiThreads"/>
  <testcase name="testMethod" time="0.001" classname="modules.MultiThreads"/>
  <testcase name="testMethod" time="0.0" classname="modules.MultiThreads"/>
  <testcase name="testMethod" time="0.001" classname="modules.MultiThreads"/>
  <testcase name="testMethod" time="0.0" classname="modules.MultiThreads"/>
  <testcase name="testMethod" time="0.001" classname="modules.MultiThreads"/>
  <testcase name="testMethod" time="0.001" classname="modules.MultiThreads"/>
  <testcase name="testMethod" time="0.001" classname="modules.MultiThreads"/>
  <testcase name="testMethod" time="0.0" classname="modules.MultiThreads"/>
  <testcase name="testMethod" time="0.001" classname="modules.MultiThreads"/>
  <testcase name="testMethod" time="0.0" classname="modules.MultiThreads"/>
  <testcase name="testMethod" time="0.0" classname="modules.MultiThreads"/>
  <testcase name="testMethod" time="0.001" classname="modules.MultiThreads"/>
  <testcase name="testMethod" time="0.0" classname="modules.MultiThreads"/>
  <testcase name="testMethod" time="0.001" classname="modules.MultiThreads"/>
  <testcase name="testMethod" time="0.001" classname="modules.MultiThreads"/>
  <testcase name="testMethod" time="0.001" classname="modules.MultiThreads"/>
  <testcase name="testMethod" time="0.001" classname="modules.MultiThreads"/>
  <testcase name="testMethod" time="0.001" classname="modules.MultiThreads"/>
  <testcase name="testMethod" time="0.0" classname="modules.MultiThreads"/>
  <testcase name="testMethod" time="0.001" classname="modules.MultiThreads"/>
  <testcase name="testMethod" time="0.0" classname="modules.MultiThreads"/>
  <testcase name="testMethod" time="0.0" classname="modules.MultiThreads"/>
  <testcase name="testMethod" time="0.0" classname="modules.MultiThreads"/>
  <testcase name="testMethod" time="0.0" classname="modules.MultiThreads"/>
  <testcase name="testMethod" time="0.0" classname="modules.MultiThreads"/>
  <testcase name="testMethod" time="0.0" classname="modules.MultiThreads"/>
  <testcase name="testMethod" time="0.001" classname="modules.MultiThreads"/>
  <testcase name="testMethod" time="0.0" classname="modules.MultiThreads"/>
  <testcase name="testMethod" time="0.001" classname="modules.MultiThreads"/>
</testsuite> <!-- Independent test -->
