<?xml version="1.0" encoding="UTF-8"?>
<!-- Generated by org.testng.reporters.JUnitXMLReporter -->
<testsuite hostname="HaDos-MacBook-Pro.local" name="Group Test two" tests="3" failures="0" timestamp="29 Oct 2016 02:42:49 GMT" time="0.018" errors="0">
  <testcase name="ID001Test" time="0.005" classname="modules.MultiGroupTest"/>
  <testcase name="testMethodThree" time="0.002" classname="modules.MultiGroupTest"/>
  <testcase name="testMethodTwo" time="0.002" classname="modules.MultiGroupTest"/>
</testsuite> <!-- Group Test two -->
