<?xml version="1.0" encoding="UTF-8"?>
<!-- Generated by org.testng.reporters.JUnitXMLReporter -->
<testsuite hostname="HaDos-MacBook-Pro.local" name="Group Test one" tests="4" failures="0" timestamp="29 Oct 2016 02:43:14 GMT" time="0.048" errors="0">
  <testcase name="ID001Test" time="0.012" classname="modules.MultiGroupTest"/>
  <testcase name="testMethodOne" time="0.001" classname="modules.MultiGroupTest"/>
  <testcase name="testMethodThree" time="0.001" classname="modules.MultiGroupTest"/>
  <testcase name="testMethodTwo" time="0.001" classname="modules.MultiGroupTest"/>
</testsuite> <!-- Group Test one -->
